{"/home/diqing-j-yao/Desktop/final_project/utils.js": {"path":"/home/diqing-j-yao/Desktop/final_project/utils.js","statementMap":{"0":{"start":{"line":2,"column":2},"end":{"line":2,"column":null}},"1":{"start":{"line":4,"column":0},"end":{"line":4,"column":null}}},"fnMap":{"0":{"name":"add","decl":{"start":{"line":1,"column":9},"end":{"line":1,"column":12}},"loc":{"start":{"line":1,"column":19},"end":{"line":3,"column":null}},"line":1}},"branchMap":{},"s":{"0":1,"1":1},"f":{"0":1},"b":{},"meta":{"lastBranch":0,"lastFunction":1,"lastStatement":2,"seen":{"f:1:9:1:12":0,"s:2:2:2:Infinity":0,"s:4:0:4:Infinity":1},"fnNames":{}}}
}
